<?xml version="1.0" encoding="UTF-8" ?>
<testsuite tests="15" failures="0" name="com.richard.datastructureutils.ListUtilsTest" time="0.013" errors="0" skipped="2">
  <properties>
    <property name="java.runtime.name" value="Java(TM) SE Runtime Environment"/>
    <property name="sun.boot.library.path" value="C:\java8\jre\bin"/>
    <property name="java.vm.version" value="25.51-b03"/>
    <property name="java.vm.vendor" value="Oracle Corporation"/>
    <property name="maven.multiModuleProjectDirectory" value="C:\Users\richarch\workspace_datastructureutils\datastructureutils"/>
    <property name="java.vendor.url" value="http://java.oracle.com/"/>
    <property name="path.separator" value=";"/>
    <property name="guice.disable.misplaced.annotation.check" value="true"/>
    <property name="java.vm.name" value="Java HotSpot(TM) 64-Bit Server VM"/>
    <property name="file.encoding.pkg" value="sun.io"/>
    <property name="user.script" value=""/>
    <property name="user.country" value="US"/>
    <property name="sun.java.launcher" value="SUN_STANDARD"/>
    <property name="sun.os.patch.level" value="Service Pack 1"/>
    <property name="java.vm.specification.name" value="Java Virtual Machine Specification"/>
    <property name="user.dir" value="C:\Users\richarch\workspace_datastructureutils\datastructureutils"/>
    <property name="java.runtime.version" value="1.8.0_51-b16"/>
    <property name="java.awt.graphicsenv" value="sun.awt.Win32GraphicsEnvironment"/>
    <property name="java.endorsed.dirs" value="C:\java8\jre\lib\endorsed"/>
    <property name="os.arch" value="amd64"/>
    <property name="java.io.tmpdir" value="C:\Users\richarch\AppData\Local\Temp\"/>
    <property name="line.separator" value="
"/>
    <property name="java.vm.specification.vendor" value="Oracle Corporation"/>
    <property name="user.variant" value=""/>
    <property name="os.name" value="Windows 7"/>
    <property name="classworlds.conf" value="C:\maven\bin\..\bin\m2.conf"/>
    <property name="sun.jnu.encoding" value="Cp1252"/>
    <property name="java.library.path" value="C:\java8\bin;C:\WINDOWS\Sun\Java\bin;C:\WINDOWS\system32;C:\WINDOWS;C:\WINDOWS\system32;C:\WINDOWS;C:\WINDOWS\System32\Wbem;C:\WINDOWS\System32\WindowsPowerShell\v1.0\;C:\Program Files (x86)\QuickTime\QTSystem\;C:\Program Files\CapgeminiScripts\Support Tools\;C:\Program Files (x86)\Common Files\Lenovo;c:\sbt\bin;C:\scala-2.11.7\bin;c:\git\bin;C:\Program Files\MongoDB\Server\3.2\bin;C:\maven\bin;C:\Python34;C:\Python34\Scripts;C:\Program Files\R\R-3.3.1\bin;."/>
    <property name="java.specification.name" value="Java Platform API Specification"/>
    <property name="java.class.version" value="52.0"/>
    <property name="sun.management.compiler" value="HotSpot 64-Bit Tiered Compilers"/>
    <property name="os.version" value="6.1"/>
    <property name="user.home" value="C:\Users\richarch"/>
    <property name="user.timezone" value="Asia/Shanghai"/>
    <property name="java.awt.printerjob" value="sun.awt.windows.WPrinterJob"/>
    <property name="java.specification.version" value="1.8"/>
    <property name="file.encoding" value="Cp1252"/>
    <property name="user.name" value="richarch"/>
    <property name="java.class.path" value="C:\maven\bin\..\boot\plexus-classworlds-2.5.2.jar"/>
    <property name="java.vm.specification.version" value="1.8"/>
    <property name="sun.arch.data.model" value="64"/>
    <property name="java.home" value="C:\java8\jre"/>
    <property name="sun.java.command" value="org.codehaus.plexus.classworlds.launcher.Launcher clean install"/>
    <property name="java.specification.vendor" value="Oracle Corporation"/>
    <property name="user.language" value="en"/>
    <property name="awt.toolkit" value="sun.awt.windows.WToolkit"/>
    <property name="java.vm.info" value="mixed mode"/>
    <property name="java.version" value="1.8.0_51"/>
    <property name="java.ext.dirs" value="C:\java8\jre\lib\ext;C:\WINDOWS\Sun\Java\lib\ext"/>
    <property name="sun.boot.class.path" value="C:\java8\jre\lib\resources.jar;C:\java8\jre\lib\rt.jar;C:\java8\jre\lib\sunrsasign.jar;C:\java8\jre\lib\jsse.jar;C:\java8\jre\lib\jce.jar;C:\java8\jre\lib\charsets.jar;C:\java8\jre\lib\jfr.jar;C:\java8\jre\classes"/>
    <property name="sun.stderr.encoding" value="cp437"/>
    <property name="java.vendor" value="Oracle Corporation"/>
    <property name="maven.home" value="C:\maven\bin\.."/>
    <property name="file.separator" value="\"/>
    <property name="java.vendor.url.bug" value="http://bugreport.sun.com/bugreport/"/>
    <property name="sun.cpu.endian" value="little"/>
    <property name="sun.io.unicode.encoding" value="UnicodeLittle"/>
    <property name="sun.stdout.encoding" value="cp437"/>
    <property name="sun.desktop" value="windows"/>
    <property name="sun.cpu.isalist" value="amd64"/>
  </properties>
  <testcase classname="com.richard.datastructureutils.ListUtilsTest" name="testListDiffPerf100Items" time="0">
    <skipped/>
  </testcase>
  <testcase classname="com.richard.datastructureutils.ListUtilsTest" name="testListOfTripleIdentical" time="0.003"/>
  <testcase classname="com.richard.datastructureutils.ListUtilsTest" name="testListDiffRemoveNull" time="0"/>
  <testcase classname="com.richard.datastructureutils.ListUtilsTest" name="testListOfTripleDiff" time="0.007"/>
  <testcase classname="com.richard.datastructureutils.ListUtilsTest" name="testListDiffSummarySizeSameItemDiff" time="0"/>
  <testcase classname="com.richard.datastructureutils.ListUtilsTest" name="testListDiffSummaryNoDiff" time="0.001"/>
  <testcase classname="com.richard.datastructureutils.ListUtilsTest" name="testListDiffSummarySizeDiffItemDiff" time="0"/>
  <testcase classname="com.richard.datastructureutils.ListUtilsTest" name="testListDiffPerf10000Items" time="0">
    <skipped/>
  </testcase>
  <testcase classname="com.richard.datastructureutils.ListUtilsTest" name="testListDiffCollectionNull" time="0"/>
  <testcase classname="com.richard.datastructureutils.ListUtilsTest" name="testListDiffSummarySizeSameItemDiffMoreItems" time="0"/>
  <testcase classname="com.richard.datastructureutils.ListUtilsTest" name="testListDiffTwoItemsExtra" time="0"/>
  <testcase classname="com.richard.datastructureutils.ListUtilsTest" name="testListOfTupleIdentical" time="0"/>
  <testcase classname="com.richard.datastructureutils.ListUtilsTest" name="testListDiffIdenticalList" time="0.001"/>
  <testcase classname="com.richard.datastructureutils.ListUtilsTest" name="testListDiffBothNull" time="0"/>
  <testcase classname="com.richard.datastructureutils.ListUtilsTest" name="testListOfTupleDiff" time="0.001"/>
</testsuite>